<?xml version="1.0" encoding="UTF-8"?>
<!-- Generated by org.testng.reporters.JUnitReportReporter -->
<testsuite hostname="LT-posa" failures="0" tests="1" name="TestNGConcepts.Demong" time="0.003" errors="0" timestamp="2024-12-16T20:19:22 IST" skipped="0">
  <testcase classname="TestNGConcepts.Demong" name="method" time="0.003"/>
  <system-out/>
</testsuite> <!-- TestNGConcepts.Demong -->
