<?xml version="1.0" encoding="UTF-8"?>
<!-- Generated by org.testng.reporters.JUnitReportReporter -->
<testsuite hostname="LT-posa" failures="0" tests="1" name="TestCases.loginTestCases" time="2.980" errors="0" timestamp="2024-12-16T20:19:22 IST" skipped="0">
  <testcase classname="TestCases.loginTestCases" name="verifyLoginWithValidData" time="2.980"/>
  <system-out/>
</testsuite> <!-- TestCases.loginTestCases -->
