<?xml version="1.0" encoding="UTF-8"?>
<!-- Generated by org.testng.reporters.JUnitReportReporter -->
<testsuite hostname="LT-posa" failures="0" tests="2" name="TestCases.RegisterTestCases" time="2.276" errors="0" timestamp="2025-04-22T11:33:47 IST" skipped="1">
  <testcase classname="TestCases.RegisterTestCases" name="VerifyRegistrationWithValidData" time="2.276"/>
  <system-out/>
  <testcase classname="TestCases.RegisterTestCases" name="VerifyRegistrationWithBlankData">
    <skipped/>
  </testcase> <!-- VerifyRegistrationWithBlankData -->
  <system-out/>
</testsuite> <!-- TestCases.RegisterTestCases -->
